#
# There is insufficient memory for the Java Runtime Environment to continue.
# Native memory allocation (mmap) failed to map 536870912 bytes for Failed to commit area from 0x0000000600000000 to 0x0000000620000000 of length 536870912.
# Possible reasons:
#   The system is out of physical RAM or swap space
#   The process is running with CompressedOops enabled, and the Java Heap may be blocking the growth of the native heap
# Possible solutions:
#   Reduce memory load on the system
#   Increase physical memory or swap space
#   Check if swap backing store is full
#   Decrease Java heap size (-Xmx/-Xms)
#   Decrease number of Java threads
#   Decrease Java thread stack sizes (-Xss)
#   Set larger code cache with -XX:ReservedCodeCacheSize=
# This output file may be truncated or incomplete.
#
#  Out of Memory Error (./src/hotspot/os/windows/os_windows.cpp:3301), pid=4324, tid=10120
#
# JRE version:  (11.0.10+9) (build )
# Java VM: OpenJDK 64-Bit Server VM (11.0.10+9-LTS-sapmachine, mixed mode, sharing, tiered, compressed oops, g1 gc, windows-amd64)
# No core dump will be written. Minidumps are not enabled by default on client versions of Windows
#

---------------  S U M M A R Y ------------

Command Line: -javaagent:C:\Program Files\JetBrains\IntelliJ IDEA Community Edition 2020.3\lib\idea_rt.jar=61565:C:\Program Files\JetBrains\IntelliJ IDEA Community Edition 2020.3\bin -Dfile.encoding=UTF-8 com.example.asyncdemo.AsyncDemoApplication

Host: Intel(R) Xeon(R) Gold 5120 CPU @ 2.20GHz, 16 cores, 31G,  Windows 10 , 64 bit Build 19041 (10.0.19041.1023)
Time: Wed Jul 21 10:39:04 2021 India Standard Time elapsed time: 0.046108 seconds (0d 0h 0m 0s)

---------------  T H R E A D  ---------------

Current thread (0x000002b1a1e65000):  JavaThread "Unknown thread" [_thread_in_vm, id=10120, stack(0x000000e632800000,0x000000e632900000)]

Stack: [0x000000e632800000,0x000000e632900000]
Native frames: (J=compiled Java code, j=interpreted, Vv=VM code, C=native code)
V  [jvm.dll+0x5f1a1a]  public: static bool __cdecl os::platform_print_native_stack(class outputStream * __ptr64,void const * __ptr64,char * __ptr64,int)+0xca
V  [jvm.dll+0x72e61e]  public: static void __cdecl VMError::report(class outputStream * __ptr64,bool)+0xbce
V  [jvm.dll+0x72fd2f]  public: static void __cdecl VMError::report_and_die(int,char const * __ptr64,char const * __ptr64,char * __ptr64,class Thread * __ptr64,unsigned char * __ptr64,void * __ptr64,void * __ptr64,char const * __ptr64,int,unsigned __int64)+0x7df
V  [jvm.dll+0x7303f3]  public: static void __cdecl VMError::report_and_die(class Thread * __ptr64,char const * __ptr64,int,unsigned __int64,enum VMErrorType,char const * __ptr64,char * __ptr64)+0x43
V  [jvm.dll+0x247518]  void __cdecl report_vm_out_of_memory(char const * __ptr64,int,unsigned __int64,enum VMErrorType,char const * __ptr64,...)+0x68
V  [jvm.dll+0x5eebca]  private: static void __cdecl os::pd_commit_memory_or_exit(char * __ptr64,unsigned __int64,unsigned __int64,bool,char const * __ptr64)+0xca
V  [jvm.dll+0x5e37f5]  public: static void __cdecl os::commit_memory_or_exit(char * __ptr64,unsigned __int64,unsigned __int64,bool,char const * __ptr64)+0x25
V  [jvm.dll+0x2fb86c]  private: void __cdecl G1PageBasedVirtualSpace::commit_internal(unsigned __int64,unsigned __int64) __ptr64+0x14c
V  [jvm.dll+0x2fb6f2]  public: bool __cdecl G1PageBasedVirtualSpace::commit(unsigned __int64,unsigned __int64) __ptr64+0x92
V  [jvm.dll+0x3003a6]  public: virtual void __cdecl G1RegionsLargerThanCommitSizeMapper::commit_regions(unsigned int,unsigned __int64,class WorkGang * __ptr64) __ptr64+0x46
V  [jvm.dll+0x3449ef]  private: void __cdecl HeapRegionManager::make_regions_available(unsigned int,unsigned int,class WorkGang * __ptr64) __ptr64+0xcf
V  [jvm.dll+0x344420]  public: unsigned int __cdecl HeapRegionManager::expand_at(unsigned int,unsigned int,class WorkGang * __ptr64) __ptr64+0x110
V  [jvm.dll+0x2d8b58]  public: bool __cdecl G1CollectedHeap::expand(unsigned __int64,class WorkGang * __ptr64,double * __ptr64) __ptr64+0xb8
V  [jvm.dll+0x2d9ca6]  public: virtual long __cdecl G1CollectedHeap::initialize(void) __ptr64+0x5f6
V  [jvm.dll+0x709e67]  private: static long __cdecl Universe::initialize_heap(void)+0x37
V  [jvm.dll+0x70b5ef]  long __cdecl universe_init(void)+0x3f
V  [jvm.dll+0x351749]  long __cdecl init_globals(void)+0x59
V  [jvm.dll+0x6ed060]  public: static long __cdecl Threads::create_vm(struct JavaVMInitArgs * __ptr64,bool * __ptr64)+0x510
V  [jvm.dll+0x3b937f]  JNI_CreateJavaVM_inner+0x8f
V  [jvm.dll+0x3bb691]  JNI_CreateJavaVM+0x11
C  [jli.dll+0x520b]  JavaMain+0x113
C  [ucrtbase.dll+0x21bb2]
C  [KERNEL32.DLL+0x17034]
C  [ntdll.dll+0x52651]


---------------  P R O C E S S  ---------------

Threads class SMR info:
_java_thread_list=0x000002b1a0493640, length=0, elements={
}

Java Threads: ( => current thread )

Other Threads:
  0x000002b1a1e89800 GCTaskThread "GC Thread#0" [stack: 0x000000e632900000,0x000000e632a00000] [id=28156]
  0x000002b1ba8b4000 ConcurrentGCThread "G1 Main Marker" [stack: 0x000000e632a00000,0x000000e632b00000] [id=21668]
  0x000002b1ba8b5800 ConcurrentGCThread "G1 Conc#0" [stack: 0x000000e632b00000,0x000000e632c00000] [id=8840]

[error occurred during error reporting (printing all threads), id 0xc0000005, EXCEPTION_ACCESS_VIOLATION (0xc0000005) at pc=0x00007ffa938981d7]

VM state:not at safepoint (not fully initialized)

VM Mutex/Monitor currently owned by a thread:  ([mutex/lock_event])
[0x000002b1a1e60900] Heap_lock - owner thread: 0x000002b1a1e65000

Heap address: 0x0000000600000000, size: 8192 MB, Compressed Oops mode: Non-zero based: 0x0000000600000000
Narrow klass base: 0x0000000000000000, Narrow klass shift: 0

GC Heap History (0 events):
No events

Deoptimization events (0 events):
No events

Classes redefined (0 events):
No events

Internal exceptions (0 events):
No events

Events (1 events):
Event: 0.029 Loaded shared library C:\Program Files\SapMachine\JDK\11\bin\zip.dll


Dynamic libraries:
0x00007ff7070e0000 - 0x00007ff7070ed000 	C:\Program Files\SapMachine\JDK\11\bin\java.exe
0x00007ffb02150000 - 0x00007ffb02345000 	C:\WINDOWS\SYSTEM32\ntdll.dll
0x00007ffb02040000 - 0x00007ffb020fd000 	C:\WINDOWS\System32\KERNEL32.DLL
0x00007ffaff950000 - 0x00007ffaffc19000 	C:\WINDOWS\System32\KERNELBASE.dll
0x00007ffaffe60000 - 0x00007ffafff60000 	C:\WINDOWS\System32\ucrtbase.dll
0x00007ffafaae0000 - 0x00007ffafaaf5000 	C:\Program Files\SapMachine\JDK\11\bin\VCRUNTIME140.dll
0x00007ffaf41b0000 - 0x00007ffaf41c7000 	C:\Program Files\SapMachine\JDK\11\bin\jli.dll
0x00007ffb00530000 - 0x00007ffb006d0000 	C:\WINDOWS\System32\USER32.dll
0x00007ffafd8b0000 - 0x00007ffafdb4a000 	C:\WINDOWS\WinSxS\amd64_microsoft.windows.common-controls_6595b64144ccf1df_6.0.19041.1083_none_60bbe31371f34e71\COMCTL32.dll
0x00007ffaffe30000 - 0x00007ffaffe52000 	C:\WINDOWS\System32\win32u.dll
0x00007ffb01fa0000 - 0x00007ffb0203e000 	C:\WINDOWS\System32\msvcrt.dll
0x00007ffb00250000 - 0x00007ffb0027a000 	C:\WINDOWS\System32\GDI32.dll
0x00007ffafffb0000 - 0x00007ffb000bb000 	C:\WINDOWS\System32\gdi32full.dll
0x00007ffb000c0000 - 0x00007ffb0015d000 	C:\WINDOWS\System32\msvcp_win.dll
0x00007ffb00780000 - 0x00007ffb007b0000 	C:\WINDOWS\System32\IMM32.DLL
0x00007ffaff5f0000 - 0x00007ffaff628000 	C:\Program Files\Citrix\System32\MfApHook64.dll
0x00007ffaff5d0000 - 0x00007ffaff5e2000 	C:\Program Files\Citrix\IcaService\FullScreenHook64.dll
0x00007ffb01620000 - 0x00007ffb016cc000 	C:\WINDOWS\System32\ADVAPI32.dll
0x00007ffb007b0000 - 0x00007ffb0084b000 	C:\WINDOWS\System32\sechost.dll
0x00007ffb01470000 - 0x00007ffb0159a000 	C:\WINDOWS\System32\RPCRT4.dll
0x00007ffadb2a0000 - 0x00007ffadb33b000 	C:\Program Files\SapMachine\JDK\11\bin\MSVCP140.dll
0x00007ffafef90000 - 0x00007ffafefba000 	C:\Program Files\Citrix\ICAService\ShellHook64.dll
0x00007ffb01410000 - 0x00007ffb01465000 	C:\WINDOWS\System32\SHLWAPI.dll
0x00007ffafefc0000 - 0x00007ffaff0ca000 	C:\Program Files\Citrix\IcaService\SCardHook64.dll
0x00007ffafec90000 - 0x00007ffafecb0000 	C:\Program Files\Citrix\ICAService\cxinjime64.dll
0x00007ffad7820000 - 0x00007ffad78c4000 	C:\Program Files\McAfee\Endpoint Security\Threat Prevention\Ips\EpMPApi.dll
0x00007ffb00160000 - 0x00007ffb001c0000 	C:\WINDOWS\System32\WINTRUST.dll
0x00007ffaffcd0000 - 0x00007ffaffe2f000 	C:\WINDOWS\System32\CRYPT32.dll
0x00007ffafecb0000 - 0x00007ffafecc2000 	C:\WINDOWS\SYSTEM32\MSASN1.dll
0x0000000075ff0000 - 0x0000000075ffc000 	C:\Program Files\McAfee\Endpoint Security\Threat Prevention\Ips\EpMPThe.dll
0x00007ffad77c0000 - 0x00007ffad7819000 	C:\Program Files\McAfee\Endpoint Security\Threat Prevention\Ips\HIPHandlers64.dll
0x00007ffafd1b0000 - 0x00007ffafd394000 	C:\WINDOWS\SYSTEM32\dbghelp.dll
0x00007ffa935b0000 - 0x00007ffa94089000 	C:\Program Files\SapMachine\JDK\11\bin\server\jvm.dll
0x00007ffb01260000 - 0x00007ffb01268000 	C:\WINDOWS\System32\PSAPI.DLL
0x00007ffaff420000 - 0x00007ffaff42a000 	C:\WINDOWS\SYSTEM32\VERSION.dll
0x00007ffaf90b0000 - 0x00007ffaf90d7000 	C:\WINDOWS\SYSTEM32\WINMM.dll
0x00007ffaf9530000 - 0x00007ffaf9539000 	C:\WINDOWS\SYSTEM32\WSOCK32.dll
0x00007ffb01270000 - 0x00007ffb012db000 	C:\WINDOWS\System32\WS2_32.dll
0x00007ffafd640000 - 0x00007ffafd652000 	C:\WINDOWS\SYSTEM32\kernel.appcore.dll
0x00007ffafb7b0000 - 0x00007ffafb7c0000 	C:\Program Files\SapMachine\JDK\11\bin\verify.dll
0x00007ffaecad0000 - 0x00007ffaecafc000 	C:\WINDOWS\SYSTEM32\dbgcore.DLL
0x00007ffaff8c0000 - 0x00007ffaff943000 	C:\WINDOWS\System32\bcryptPrimitives.dll
0x00007ffaf3830000 - 0x00007ffaf3858000 	C:\Program Files\SapMachine\JDK\11\bin\java.dll
0x00007ffafaad0000 - 0x00007ffafaada000 	C:\Program Files\SapMachine\JDK\11\bin\jimage.dll
0x00007ffaf2860000 - 0x00007ffaf286e000 	C:\Program Files\SapMachine\JDK\11\bin\instrument.dll
0x00007ffaf38e0000 - 0x00007ffaf38f7000 	C:\Program Files\SapMachine\JDK\11\bin\zip.dll

dbghelp: loaded successfully - version: 4.0.5 - missing functions: none
symbol engine: initialized successfully - sym options: 0x614 - pdb path: .;C:\Program Files\SapMachine\JDK\11\bin;C:\WINDOWS\SYSTEM32;C:\WINDOWS\WinSxS\amd64_microsoft.windows.common-controls_6595b64144ccf1df_6.0.19041.1083_none_60bbe31371f34e71;C:\Program Files\Citrix\System32;C:\Program Files\Citrix\IcaService;C:\Program Files\McAfee\Endpoint Security\Threat Prevention\Ips;C:\Program Files\SapMachine\JDK\11\bin\server

VM Arguments:
jvm_args: -javaagent:C:\Program Files\JetBrains\IntelliJ IDEA Community Edition 2020.3\lib\idea_rt.jar=61565:C:\Program Files\JetBrains\IntelliJ IDEA Community Edition 2020.3\bin -Dfile.encoding=UTF-8 
java_command: com.example.asyncdemo.AsyncDemoApplication
java_class_path (initial): C:\Users\C5318542\Downloads\async-demo\target\classes;C:\Users\C5318542\.m2\repository\org\springframework\boot\spring-boot-starter-data-jpa\2.5.2\spring-boot-starter-data-jpa-2.5.2.jar;C:\Users\C5318542\.m2\repository\org\springframework\boot\spring-boot-starter-aop\2.5.2\spring-boot-starter-aop-2.5.2.jar;C:\Users\C5318542\.m2\repository\org\springframework\spring-aop\5.3.8\spring-aop-5.3.8.jar;C:\Users\C5318542\.m2\repository\org\aspectj\aspectjweaver\1.9.6\aspectjweaver-1.9.6.jar;C:\Users\C5318542\.m2\repository\org\springframework\boot\spring-boot-starter-jdbc\2.5.2\spring-boot-starter-jdbc-2.5.2.jar;C:\Users\C5318542\.m2\repository\com\zaxxer\HikariCP\4.0.3\HikariCP-4.0.3.jar;C:\Users\C5318542\.m2\repository\org\springframework\spring-jdbc\5.3.8\spring-jdbc-5.3.8.jar;C:\Users\C5318542\.m2\repository\jakarta\transaction\jakarta.transaction-api\1.3.3\jakarta.transaction-api-1.3.3.jar;C:\Users\C5318542\.m2\repository\jakarta\persistence\jakarta.persistence-api\2.2.3\jakarta.persistence-api-2.2.3.jar;C:\Users\C5318542\.m2\repository\org\hibernate\hibernate-core\5.4.32.Final\hibernate-core-5.4.32.Final.jar;C:\Users\C5318542\.m2\repository\org\jboss\logging\jboss-logging\3.4.2.Final\jboss-logging-3.4.2.Final.jar;C:\Users\C5318542\.m2\repository\org\javassist\javassist\3.27.0-GA\javassist-3.27.0-GA.jar;C:\Users\C5318542\.m2\repository\net\bytebuddy\byte-buddy\1.10.22\byte-buddy-1.10.22.jar;C:\Users\C5318542\.m2\repository\antlr\antlr\2.7.7\antlr-2.7.7.jar;C:\Users\C5318542\.m2\repository\org\jboss\jandex\2.2.3.Final\jandex-2.2.3.Final.jar;C:\Users\C5318542\.m2\repository\com\fasterxml\classmate\1.5.1\classmate-1.5.1.jar;C:\Users\C5318542\.m2\repository\org\dom4j\dom4j\2.1.3\dom4j-2.1.3.jar;C:\Users\C5318542\.m2\repository\org\hibernate\common\hibernate-commons-annotations\5.1.2.Final\hibernate-commons-annotations-5.1.2.Final.jar;C:\Users\C5318542\.m2\repository\org\glassfish\jaxb\jaxb-runtime\2.3.4\jaxb-runtime-2.3.4.jar;C:\Users\C5318542\
Launcher Type: SUN_STANDARD

[Global flags]
     intx CICompilerCount                          = 12                                        {product} {ergonomic}
     uint ConcGCThreads                            = 3                                         {product} {ergonomic}
     uint G1ConcRefinementThreads                  = 13                                        {product} {ergonomic}
   size_t G1HeapRegionSize                         = 2097152                                   {product} {ergonomic}
    uintx GCDrainStackTargetSize                   = 64                                        {product} {ergonomic}
   size_t InitialHeapSize                          = 536870912                                 {product} {ergonomic}
   size_t MarkStackSize                            = 4194304                                   {product} {ergonomic}
   size_t MaxHeapSize                              = 8589934592                                {product} {ergonomic}
   size_t MinHeapDeltaBytes                        = 2097152                                   {product} {ergonomic}
    uintx NonNMethodCodeHeapSize                   = 7594288                                {pd product} {ergonomic}
    uintx NonProfiledCodeHeapSize                  = 122031976                              {pd product} {ergonomic}
    uintx ProfiledCodeHeapSize                     = 122031976                              {pd product} {ergonomic}
    uintx ReservedCodeCacheSize                    = 251658240                              {pd product} {ergonomic}
     bool SegmentedCodeCache                       = true                                      {product} {ergonomic}
     bool UseCompressedClassPointers               = true                                 {lp64_product} {ergonomic}
     bool UseCompressedOops                        = true                                 {lp64_product} {ergonomic}
     bool UseG1GC                                  = true                                      {product} {ergonomic}
     bool UseLargePagesIndividualAllocation        = false                                  {pd product} {ergonomic}

Logging:
Log output configuration:
 #0: stdout all=warning uptime,level,tags
 #1: stderr all=off uptime,level,tags

Environment Variables:
JAVA_HOME=C:\Program Files\SapMachine\JDK\1-8
PATH=C:\Program Files\SapMachine\JDK\1-8\bin;C:\WINDOWS\system32;C:\WINDOWS;C:\WINDOWS\System32\Wbem;C:\WINDOWS\System32\WindowsPowerShell\v1.0\;C:\WINDOWS\System32\OpenSSH\;C:\Program Files\Citrix\System32\;C:\Program Files\Citrix\ICAService\;C:\Program Files\Cloud Foundry;C:\ProgramData\chocolatey\bin;C:\ProgramData\chocolatey\lib\maven\apache-maven-3.6.3\bin;C:\Program Files\nodejs\;C:\Program Files\Git\cmd;C:\Users\C5318542\AppData\Local\Microsoft\WindowsApps;C:\Users\C5318542\AppData\Local\Programs\Microsoft VS Code\bin;C:\Program Files\JetBrains\IntelliJ IDEA Community Edition 2020.3\bin;;C:\Users\C5318542\AppData\Local\GitHubDesktop\bin;C:\Users\C5318542\AppData\Roaming\npm
USERNAME=C5318542
OS=Windows_NT
PROCESSOR_IDENTIFIER=Intel64 Family 6 Model 85 Stepping 4, GenuineIntel


Vitals: (unavailable)

---------------  S Y S T E M  ---------------

OS: Windows 10 , 64 bit Build 19041 (10.0.19041.1023)
OS uptime: 1 days 15:40 hours
Xen hardware-assisted virtualization detected

CPU:total 16 (initial active 16) (16 cores per cpu, 1 threads per core) family 6 model 85 stepping 4 microcode 0x2006a08, cmov, cx8, fxsr, mmx, sse, sse2, sse3, ssse3, sse4.1, sse4.2, popcnt, avx, avx2, aes, clmul, erms, rtm, 3dnowpref, lzcnt, tsc, bmi1, bmi2, adx, fma

Memory: 4k page, system-wide physical 32763M (17803M free)
TotalPageFile size 51900M (AvailPageFile size 38M)
current process WorkingSet (physical memory assigned to process): 21M, peak: 22M
current process commit charge ("private bytes"): 81M, peak: 585M

vm_info: OpenJDK 64-Bit Server VM (11.0.10+9-LTS-sapmachine) for windows-amd64 JRE (11.0.10+9-LTS-sapmachine), built on Jan 19 2021 22:14:24 by "jenkins" with MS VC++ 15.9 (VS2017)

END.
